<?xml version="1.0" encoding="UTF-8"?>
<!-- Generated by org.testng.reporters.JUnitReportReporter -->
<testsuite hostname="Davids-MacBook-Pro.local" name="com.entendior.screener.AnyTest" tests="1" failures="0" timestamp="7 Nov 2013 22:27:03 GMT" time="0.025" errors="0">
  <testcase name="testStringFormat" time="0.025" classname="com.entendior.screener.AnyTest"/>
</testsuite> <!-- com.entendior.screener.AnyTest -->
