<?xml version="1.0" encoding="UTF-8"?>
<!-- Generated by org.testng.reporters.JUnitReportReporter -->
<testsuite hostname="Davids-MacBook-Pro.local" name="screener.OrientDBIntegration.HolidayAndWorkingDayTest" tests="1" failures="0" timestamp="9 Feb 2014 22:48:31 GMT" time="0.707" errors="0">
  <testcase name="testDateAndExchangeFiles" time="0.707" classname="screener.OrientDBIntegration.HolidayAndWorkingDayTest"/>
</testsuite> <!-- screener.OrientDBIntegration.HolidayAndWorkingDayTest -->
