<?xml version="1.0" encoding="UTF-8"?>
<!-- Generated by org.testng.reporters.JUnitReportReporter -->
<testsuite hostname="Davids-MacBook-Pro.local" name="screener.OrientDBIntegration.CreateDBAddCSVData" tests="1" failures="0" timestamp="26 Jan 2014 17:36:02 GMT" time="1.388" errors="0">
  <testcase name="createDBExchangeAddSymbolDataFromCSV" time="1.388" classname="screener.OrientDBIntegration.CreateDBAddCSVData"/>
</testsuite> <!-- screener.OrientDBIntegration.CreateDBAddCSVData -->
