<?xml version="1.0" encoding="UTF-8"?>
<!-- Generated by org.testng.reporters.JUnitReportReporter -->
<testsuite hostname="Davids-MacBook-Pro.local" name="screener.OrientDBIntegration.DomainObjectsTest" tests="1" failures="0" timestamp="26 Jan 2014 23:48:09 GMT" time="29.017" errors="0">
  <testcase name="testSavingFullObjectStack" time="29.017" classname="screener.OrientDBIntegration.DomainObjectsTest"/>
</testsuite> <!-- screener.OrientDBIntegration.DomainObjectsTest -->
