<?xml version="1.0" encoding="UTF-8"?>
<!-- Generated by org.testng.reporters.JUnitReportReporter -->
<testsuite hostname="davids-mbp" name="screener.OrientDBIntegration.CSVTest" tests="1" failures="0" timestamp="25 Jan 2014 17:25:27 GMT" time="1.159" errors="0">
  <testcase name="testCsvDirectoryPath" time="1.159" classname="screener.OrientDBIntegration.CSVTest"/>
</testsuite> <!-- screener.OrientDBIntegration.CSVTest -->
