<?xml version="1.0" encoding="UTF-8"?>
<!-- Generated by org.testng.reporters.JUnitReportReporter -->
<testsuite hostname="Davids-MacBook-Pro.local" name="com.entendior.screener.util.DateUtilTest" tests="1" failures="0" timestamp="7 Nov 2013 21:55:18 GMT" time="0.196" errors="0">
  <testcase name="printDate" time="0.196" classname="com.entendior.screener.util.DateUtilTest"/>
</testsuite> <!-- com.entendior.screener.util.DateUtilTest -->
