<?xml version="1.0" encoding="UTF-8"?>
<!-- Generated by org.testng.reporters.JUnitReportReporter -->
<testsuite hostname="Davids-MacBook-Pro.local" name="screener.OrientDBIntegration.CSVTest" tests="1" failures="0" timestamp="9 Feb 2014 22:36:59 GMT" time="1.520" errors="0">
  <testcase name="testCsvDirectoryPath" time="1.520" classname="screener.OrientDBIntegration.CSVTest"/>
</testsuite> <!-- screener.OrientDBIntegration.CSVTest -->
