<?xml version="1.0" encoding="UTF-8"?>
<!-- Generated by org.testng.reporters.JUnitReportReporter -->
<testsuite hostname="Davids-MacBook-Pro.local" name="screener.OrientDBIntegration.CreateDBAddCSVData" tests="1" failures="0" timestamp="9 Mar 2014 23:23:09 GMT" time="1.263" errors="0">
  <testcase name="createDBExchangeAddSymbolDataFromCSV" time="1.263" classname="screener.OrientDBIntegration.CreateDBAddCSVData"/>
</testsuite> <!-- screener.OrientDBIntegration.CreateDBAddCSVData -->
