<?xml version="1.0" encoding="UTF-8"?>
<!-- Generated by org.testng.reporters.JUnitReportReporter -->
<testsuite hostname="Davids-MacBook-Pro.local" name="com.entendior.screener.domain.BrokerEnumTest" tests="1" failures="0" timestamp="7 Nov 2013 20:03:32 GMT" time="0.017" errors="0">
  <testcase name="f" time="0.017" classname="com.entendior.screener.domain.BrokerEnumTest"/>
</testsuite> <!-- com.entendior.screener.domain.BrokerEnumTest -->
