<?xml version="1.0" encoding="UTF-8"?>
<!-- Generated by org.testng.reporters.JUnitReportReporter -->
<testsuite hostname="Davids-MacBook-Pro.local" name="screener.OrientDBIntegration.CSVTest" tests="1" failures="0" timestamp="10 Nov 2013 23:08:28 GMT" time="0.052" errors="0">
  <testcase name="testCsvDirectoryPath" time="0.052" classname="screener.OrientDBIntegration.CSVTest"/>
</testsuite> <!-- screener.OrientDBIntegration.CSVTest -->
