<?xml version="1.0" encoding="UTF-8"?>
<!-- Generated by org.testng.reporters.JUnitReportReporter -->
<testsuite hostname="Davids-MacBook-Pro.local" name="screener.OrientDBIntegration.ODBTest1" tests="1" failures="0" timestamp="10 Nov 2013 23:56:58 GMT" time="5.784" errors="0">
  <testcase name="testLocal" time="5.784" classname="screener.OrientDBIntegration.ODBTest1"/>
</testsuite> <!-- screener.OrientDBIntegration.ODBTest1 -->
