<?xml version="1.0" encoding="UTF-8"?>
<!-- Generated by org.testng.reporters.JUnitReportReporter -->
<testsuite hostname="Davids-MacBook-Pro.local" name="screener.OrientDBIntegration.ODBTest2" tests="2" failures="0" timestamp="7 Nov 2013 17:44:20 GMT" time="0.009" errors="0">
  <testcase name="test2" time="0.001" classname="screener.OrientDBIntegration.ODBTest2"/>
  <testcase name="test1" time="0.008" classname="screener.OrientDBIntegration.ODBTest2"/>
</testsuite> <!-- screener.OrientDBIntegration.ODBTest2 -->
