<?xml version="1.0" encoding="UTF-8"?>
<!-- Generated by org.testng.reporters.JUnitReportReporter -->
<testsuite hostname="davids-mbp" name="screener.OrientDBIntegration.ODBTest1" tests="1" failures="0" timestamp="25 Jan 2014 17:10:37 GMT" time="1.509" errors="0">
  <testcase name="testLocal" time="1.509" classname="screener.OrientDBIntegration.ODBTest1"/>
</testsuite> <!-- screener.OrientDBIntegration.ODBTest1 -->
