<?xml version="1.0" encoding="UTF-8"?>
<!-- Generated by org.testng.reporters.JUnitReportReporter -->
<testsuite hostname="Davids-MacBook-Pro.local" name="screener.OrientDBIntegration.DataLocatorTest" tests="1" failures="0" timestamp="7 Nov 2013 18:03:13 GMT" time="2.744" errors="0">
  <testcase name="test" time="2.744" classname="screener.OrientDBIntegration.DataLocatorTest"/>
</testsuite> <!-- screener.OrientDBIntegration.DataLocatorTest -->
