<?xml version="1.0" encoding="UTF-8"?>
<!-- Generated by org.testng.reporters.JUnitReportReporter -->
<testsuite hostname="Davids-MacBook-Pro.local" name="screener.OrientDBIntegration.CreateDBAddCSVData" tests="1" failures="1" timestamp="16 Nov 2013 18:47:09 GMT" time="515.726" errors="0">
  <testcase name="test1" time="515.726" classname="screener.OrientDBIntegration.CreateDBAddCSVData">
    <failure type="com.orientechnologies.orient.core.exception.OSerializationException" message="Cannot serialize the object since it&#039;s not implements the OSerializableStream interface">
      <![CDATA[com.orientechnologies.orient.core.exception.OSerializationException: Cannot serialize the object since it's not implements the OSerializableStream interface
	at com.orientechnologies.orient.core.serialization.serializer.string.OStringSerializerEmbedded.toStream(OStringSerializerEmbedded.java:49)
	at com.orientechnologies.orient.core.serialization.serializer.record.string.ORecordSerializerStringAbstract.fieldTypeToString(ORecordSerializerStringAbstract.java:263)
	at com.orientechnologies.orient.core.serialization.serializer.record.string.ORecordSerializerCSVAbstract.embeddedCollectionToStream(ORecordSerializerCSVAbstract.java:727)
	at com.orientechnologies.orient.core.serialization.serializer.record.string.ORecordSerializerStringAbstract.fieldTypeToString(ORecordSerializerStringAbstract.java:249)
	at com.orientechnologies.orient.core.serialization.serializer.record.string.ORecordSerializerCSVAbstract.embeddedMapToStream(ORecordSerializerCSVAbstract.java:517)
	at com.orientechnologies.orient.core.serialization.serializer.record.string.ORecordSerializerCSVAbstract.fieldToStream(ORecordSerializerCSVAbstract.java:448)
	at com.orientechnologies.orient.core.serialization.serializer.record.string.ORecordSerializerSchemaAware2CSV.toString(ORecordSerializerSchemaAware2CSV.java:284)
	at com.orientechnologies.orient.core.serialization.serializer.record.string.ORecordSerializerStringAbstract.toStream(ORecordSerializerStringAbstract.java:91)
	at com.orientechnologies.orient.core.serialization.serializer.record.string.ORecordSerializerSchemaAware2CSV.toStream(ORecordSerializerSchemaAware2CSV.java:508)
	at com.orientechnologies.orient.core.record.ORecordSchemaAwareAbstract.toStream(ORecordSchemaAwareAbstract.java:127)
	at com.orientechnologies.orient.core.record.ORecordSchemaAwareAbstract.toStream(ORecordSchemaAwareAbstract.java:122)
	at com.orientechnologies.orient.core.record.impl.ODocument.toStream(ODocument.java:391)
	at com.orientechnologies.orient.core.db.record.ODatabaseRecordAbstract.executeSaveRecord(ODatabaseRecordAbstract.java:766)
	at com.orientechnologies.orient.core.tx.OTransactionNoTx.saveRecord(OTransactionNoTx.java:77)
	at com.orientechnologies.orient.core.db.record.ODatabaseRecordTx.save(ODatabaseRecordTx.java:270)
	at com.orientechnologies.orient.core.db.record.ODatabaseRecordAbstract.save(ODatabaseRecordAbstract.java:1)
	at com.orientechnologies.orient.core.db.ODatabaseRecordWrapperAbstract.save(ODatabaseRecordWrapperAbstract.java:287)
	at com.orientechnologies.orient.core.db.document.ODatabaseDocumentTx.save(ODatabaseDocumentTx.java:401)
	at com.orientechnologies.orient.object.db.OObjectDatabaseTx.save(OObjectDatabaseTx.java:425)
	at com.orientechnologies.orient.object.db.OObjectDatabaseTx.save(OObjectDatabaseTx.java:337)
	at screener.OrientDBIntegration.CreateDBAddCSVData.loadDailySymbolsFromCSV(CreateDBAddCSVData.java:102)
	at screener.OrientDBIntegration.CreateDBAddCSVData.test1(CreateDBAddCSVData.java:59)
	at sun.reflect.NativeMethodAccessorImpl.invoke0(Native Method)
	at sun.reflect.NativeMethodAccessorImpl.invoke(NativeMethodAccessorImpl.java:57)
	at sun.reflect.DelegatingMethodAccessorImpl.invoke(DelegatingMethodAccessorImpl.java:43)
	at java.lang.reflect.Method.invoke(Method.java:606)
	at org.testng.internal.MethodInvocationHelper.invokeMethod(MethodInvocationHelper.java:84)
	at org.testng.internal.Invoker.invokeMethod(Invoker.java:714)
	at org.testng.internal.Invoker.invokeTestMethod(Invoker.java:901)
	at org.testng.internal.Invoker.invokeTestMethods(Invoker.java:1231)
	at org.testng.internal.TestMethodWorker.invokeTestMethods(TestMethodWorker.java:127)
	at org.testng.internal.TestMethodWorker.run(TestMethodWorker.java:111)
	at org.testng.TestRunner.privateRun(TestRunner.java:767)
	at org.testng.TestRunner.run(TestRunner.java:617)
	at org.testng.SuiteRunner.runTest(SuiteRunner.java:334)
	at org.testng.SuiteRunner.runSequentially(SuiteRunner.java:329)
	at org.testng.SuiteRunner.privateRun(SuiteRunner.java:291)
	at org.testng.SuiteRunner.run(SuiteRunner.java:240)
	at org.testng.SuiteRunnerWorker.runSuite(SuiteRunnerWorker.java:52)
	at org.testng.SuiteRunnerWorker.run(SuiteRunnerWorker.java:86)
	at org.testng.TestNG.runSuitesSequentially(TestNG.java:1224)
	at org.testng.TestNG.runSuitesLocally(TestNG.java:1149)
	at org.testng.TestNG.run(TestNG.java:1057)
	at org.testng.remote.RemoteTestNG.run(RemoteTestNG.java:111)
	at org.testng.remote.RemoteTestNG.initAndRun(RemoteTestNG.java:204)
	at org.testng.remote.RemoteTestNG.main(RemoteTestNG.java:175)
]]>
    </failure>
  </testcase> <!-- test1 -->
</testsuite> <!-- screener.OrientDBIntegration.CreateDBAddCSVData -->
