<?xml version="1.0" encoding="UTF-8"?>
<!-- Generated by org.testng.reporters.JUnitReportReporter -->
<testsuite hostname="Davids-MacBook-Pro.local" name="screener.OrientDBIntegration.CreateDBAddCSVDataTest" tests="1" failures="0" timestamp="10 Mar 2014 00:23:38 GMT" time="1.894" errors="0">
  <testcase name="createDBExchangeAddSymbolDataFromCSV" time="1.894" classname="screener.OrientDBIntegration.CreateDBAddCSVDataTest"/>
</testsuite> <!-- screener.OrientDBIntegration.CreateDBAddCSVDataTest -->
