<?xml version="1.0" encoding="UTF-8"?>
<!-- Generated by org.testng.reporters.JUnitReportReporter -->
<testsuite hostname="Davids-MacBook-Pro.local" name="com.entendior.screener.AnyTest" tests="1" failures="0" timestamp="8 Nov 2013 02:27:21 GMT" time="14" errors="0">
  <testcase name="testStringFormat" time="14" classname="com.entendior.screener.AnyTest"/>
</testsuite>
