<?xml version="1.0" encoding="UTF-8"?>
<!-- Generated by org.testng.reporters.JUnitReportReporter -->
<testsuite hostname="Davids-MacBook-Pro.local" name="screener.OrientDBIntegration.CSVTest" tests="2" failures="0" timestamp="8 Nov 2013 02:27:21 GMT" time="248" errors="0">
  <testcase name="testFilePath" time="1" classname="screener.OrientDBIntegration.CSVTest"/>
  <testcase name="test" time="247" classname="screener.OrientDBIntegration.CSVTest"/>
</testsuite>
