<?xml version="1.0" encoding="UTF-8"?>
<!-- Generated by org.testng.reporters.JUnitReportReporter -->
<testsuite hostname="Davids-MacBook-Pro.local" name="com.entendior.screener.domain.BrokerEnumTest" tests="1" failures="0" timestamp="8 Nov 2013 02:27:21 GMT" time="8" errors="0">
  <testcase name="f" time="8" classname="com.entendior.screener.domain.BrokerEnumTest"/>
</testsuite>
