<?xml version="1.0" encoding="UTF-8"?>
<!-- Generated by org.testng.reporters.JUnitReportReporter -->
<testsuite hostname="Davids-MacBook-Pro.local" name="screener.OrientDBIntegration.DataLocatorTest" tests="1" failures="0" timestamp="8 Nov 2013 02:27:21 GMT" time="2055" errors="0">
  <testcase name="test" time="2055" classname="screener.OrientDBIntegration.DataLocatorTest"/>
</testsuite>
