<?xml version="1.0" encoding="UTF-8"?>
<!-- Generated by org.testng.reporters.JUnitReportReporter -->
<testsuite hostname="Davids-MacBook-Pro.local" name="com.entendior.screener.util.DateUtilTest" tests="1" failures="0" timestamp="8 Nov 2013 02:27:21 GMT" time="112" errors="0">
  <testcase name="printDate" time="112" classname="com.entendior.screener.util.DateUtilTest"/>
</testsuite>
